{"F:\\gitHub\\To-Do-list\\src\\module\\data-localstorage.js": {"path":"F:\\gitHub\\To-Do-list\\src\\module\\data-localstorage.js","statementMap":{"0":{"start":{"line":4,"column":4},"end":{"line":4,"column":37}},"1":{"start":{"line":8,"column":4},"end":{"line":8,"column":35}}},"fnMap":{"0":{"name":"(anonymous_0)","decl":{"start":{"line":3,"column":2},"end":{"line":3,"column":3}},"loc":{"start":{"line":3,"column":11},"end":{"line":5,"column":3}},"line":3},"1":{"name":"(anonymous_1)","decl":{"start":{"line":7,"column":2},"end":{"line":7,"column":3}},"loc":{"start":{"line":7,"column":16},"end":{"line":9,"column":3}},"line":7}},"branchMap":{},"s":{"0":1,"1":9},"f":{"0":1,"1":9},"b":{},"_coverageSchema":"1a1c01bbd47fc00a2c39e90264f33305004495a9","hash":"99da77c72c570808e28dde055a290d42802eb049"}
}
